2017-02-26 22:39:17,021 0    [main] WARN  org.hibernate.engine.jdbc.connections.internal.DriverManagerConnectionProviderImpl  - HHH000402: Using Hibernate built-in connection pool (not for production use!)
2017-02-26 22:48:15,094 0    [main] WARN  org.hibernate.engine.jdbc.connections.internal.DriverManagerConnectionProviderImpl  - HHH000402: Using Hibernate built-in connection pool (not for production use!)
2017-02-26 23:04:50,168 0    [main] WARN  org.hibernate.engine.jdbc.connections.internal.DriverManagerConnectionProviderImpl  - HHH000402: Using Hibernate built-in connection pool (not for production use!)
2017-02-26 23:06:25,050 0    [main] WARN  org.hibernate.engine.jdbc.connections.internal.DriverManagerConnectionProviderImpl  - HHH000402: Using Hibernate built-in connection pool (not for production use!)
2017-02-26 23:11:19,623 0    [main] WARN  org.hibernate.engine.jdbc.connections.internal.DriverManagerConnectionProviderImpl  - HHH000402: Using Hibernate built-in connection pool (not for production use!)
2017-02-26 23:24:02,856 0    [main] WARN  org.hibernate.engine.jdbc.connections.internal.DriverManagerConnectionProviderImpl  - HHH000402: Using Hibernate built-in connection pool (not for production use!)
2017-02-26 23:24:05,149 2293 [main] WARN  org.hibernate.engine.jdbc.spi.SqlExceptionHelper  - SQL Error: 1054, SQLState: 42S22
2017-02-26 23:24:05,149 2293 [main] ERROR org.hibernate.engine.jdbc.spi.SqlExceptionHelper  - Unknown column 'this_.userID' in 'field list'
2017-03-02 20:15:05,386 0    [main] WARN  org.hibernate.engine.jdbc.connections.internal.DriverManagerConnectionProviderImpl  - HHH000402: Using Hibernate built-in connection pool (not for production use!)
2017-03-02 20:15:07,849 2463 [main] WARN  org.hibernate.engine.jdbc.spi.SqlExceptionHelper  - SQL Error: 1054, SQLState: 42S22
2017-03-02 20:15:07,850 2464 [main] ERROR org.hibernate.engine.jdbc.spi.SqlExceptionHelper  - Unknown column 'this_.userID' in 'field list'
2017-03-02 22:20:39,771 0    [main] WARN  org.hibernate.engine.jdbc.connections.internal.DriverManagerConnectionProviderImpl  - HHH000402: Using Hibernate built-in connection pool (not for production use!)
2017-03-04 13:21:35,721 0    [main] WARN  org.hibernate.engine.jdbc.connections.internal.DriverManagerConnectionProviderImpl  - HHH000402: Using Hibernate built-in connection pool (not for production use!)
2017-03-04 13:36:04,673 0    [main] WARN  org.hibernate.engine.jdbc.connections.internal.DriverManagerConnectionProviderImpl  - HHH000402: Using Hibernate built-in connection pool (not for production use!)
2017-03-04 13:41:02,269 0    [main] WARN  org.hibernate.engine.jdbc.connections.internal.DriverManagerConnectionProviderImpl  - HHH000402: Using Hibernate built-in connection pool (not for production use!)
2017-03-04 13:45:44,235 0    [main] WARN  org.hibernate.engine.jdbc.connections.internal.DriverManagerConnectionProviderImpl  - HHH000402: Using Hibernate built-in connection pool (not for production use!)
2017-03-04 13:45:53,298 0    [main] WARN  org.hibernate.engine.jdbc.connections.internal.DriverManagerConnectionProviderImpl  - HHH000402: Using Hibernate built-in connection pool (not for production use!)
2017-03-04 13:46:31,462 0    [main] WARN  org.hibernate.engine.jdbc.connections.internal.DriverManagerConnectionProviderImpl  - HHH000402: Using Hibernate built-in connection pool (not for production use!)
2017-03-04 13:46:50,734 0    [main] WARN  org.hibernate.engine.jdbc.connections.internal.DriverManagerConnectionProviderImpl  - HHH000402: Using Hibernate built-in connection pool (not for production use!)
2017-03-04 13:48:40,824 0    [main] WARN  org.hibernate.engine.jdbc.connections.internal.DriverManagerConnectionProviderImpl  - HHH000402: Using Hibernate built-in connection pool (not for production use!)
2017-03-04 13:54:28,946 0    [main] WARN  org.hibernate.engine.jdbc.connections.internal.DriverManagerConnectionProviderImpl  - HHH000402: Using Hibernate built-in connection pool (not for production use!)
2017-03-04 14:04:29,697 0    [main] WARN  org.hibernate.engine.jdbc.connections.internal.DriverManagerConnectionProviderImpl  - HHH000402: Using Hibernate built-in connection pool (not for production use!)
2017-03-04 14:12:25,341 0    [main] WARN  org.hibernate.engine.jdbc.connections.internal.DriverManagerConnectionProviderImpl  - HHH000402: Using Hibernate built-in connection pool (not for production use!)
2017-03-04 15:22:14,804 0    [main] WARN  org.hibernate.engine.jdbc.connections.internal.DriverManagerConnectionProviderImpl  - HHH000402: Using Hibernate built-in connection pool (not for production use!)
2017-03-04 15:45:32,389 1    [main] WARN  org.hibernate.engine.jdbc.connections.internal.DriverManagerConnectionProviderImpl  - HHH000402: Using Hibernate built-in connection pool (not for production use!)
2017-03-04 15:48:43,099 0    [main] WARN  org.hibernate.engine.jdbc.connections.internal.DriverManagerConnectionProviderImpl  - HHH000402: Using Hibernate built-in connection pool (not for production use!)
2017-03-04 15:54:01,015 0    [main] WARN  org.hibernate.engine.jdbc.connections.internal.DriverManagerConnectionProviderImpl  - HHH000402: Using Hibernate built-in connection pool (not for production use!)
2017-03-04 15:59:53,102 0    [main] WARN  org.hibernate.engine.jdbc.connections.internal.DriverManagerConnectionProviderImpl  - HHH000402: Using Hibernate built-in connection pool (not for production use!)
2017-03-04 16:02:46,996 0    [main] WARN  org.hibernate.engine.jdbc.connections.internal.DriverManagerConnectionProviderImpl  - HHH000402: Using Hibernate built-in connection pool (not for production use!)
2017-03-04 16:02:57,375 0    [main] WARN  org.hibernate.engine.jdbc.connections.internal.DriverManagerConnectionProviderImpl  - HHH000402: Using Hibernate built-in connection pool (not for production use!)
2017-03-04 18:18:19,991 0    [main] WARN  org.hibernate.engine.jdbc.connections.internal.DriverManagerConnectionProviderImpl  - HHH000402: Using Hibernate built-in connection pool (not for production use!)
2017-03-04 18:33:14,821 0    [main] WARN  org.hibernate.engine.jdbc.connections.internal.DriverManagerConnectionProviderImpl  - HHH000402: Using Hibernate built-in connection pool (not for production use!)
2017-03-04 18:36:02,402 0    [main] WARN  org.hibernate.engine.jdbc.connections.internal.DriverManagerConnectionProviderImpl  - HHH000402: Using Hibernate built-in connection pool (not for production use!)
2017-03-04 18:46:58,962 0    [main] WARN  org.hibernate.engine.jdbc.connections.internal.DriverManagerConnectionProviderImpl  - HHH000402: Using Hibernate built-in connection pool (not for production use!)
2017-03-04 18:59:32,433 0    [main] WARN  org.hibernate.engine.jdbc.connections.internal.DriverManagerConnectionProviderImpl  - HHH000402: Using Hibernate built-in connection pool (not for production use!)
2017-03-04 19:01:03,435 0    [main] WARN  org.hibernate.engine.jdbc.connections.internal.DriverManagerConnectionProviderImpl  - HHH000402: Using Hibernate built-in connection pool (not for production use!)
2017-03-04 19:01:16,436 4    [main] WARN  org.hibernate.engine.jdbc.connections.internal.DriverManagerConnectionProviderImpl  - HHH000402: Using Hibernate built-in connection pool (not for production use!)
2017-03-04 23:05:35,165 0    [main] WARN  org.hibernate.engine.jdbc.connections.internal.DriverManagerConnectionProviderImpl  - HHH000402: Using Hibernate built-in connection pool (not for production use!)
2017-03-04 23:09:04,413 0    [main] WARN  org.hibernate.engine.jdbc.connections.internal.DriverManagerConnectionProviderImpl  - HHH000402: Using Hibernate built-in connection pool (not for production use!)
2017-03-04 23:18:01,225 0    [main] WARN  org.hibernate.engine.jdbc.connections.internal.DriverManagerConnectionProviderImpl  - HHH000402: Using Hibernate built-in connection pool (not for production use!)
2017-03-04 23:18:03,542 2317 [main] WARN  org.hibernate.engine.jdbc.spi.SqlExceptionHelper  - SQL Error: 1452, SQLState: 23000
2017-03-04 23:18:03,544 2319 [main] ERROR org.hibernate.engine.jdbc.spi.SqlExceptionHelper  - Cannot add or update a child row: a foreign key constraint fails (`our_menu`.`menuItems`, CONSTRAINT `menuItems_ibfk_1` FOREIGN KEY (`restaurantName`) REFERENCES `restaurants` (`restaurantName`))
2017-03-04 23:18:03,550 2325 [main] WARN  org.hibernate.engine.jdbc.spi.SqlExceptionHelper  - SQL Warning Code: 1452, SQLState: 23000
2017-03-04 23:18:03,550 2325 [main] WARN  org.hibernate.engine.jdbc.spi.SqlExceptionHelper  - Cannot add or update a child row: a foreign key constraint fails (`our_menu`.`menuItems`, CONSTRAINT `menuItems_ibfk_1` FOREIGN KEY (`restaurantName`) REFERENCES `restaurants` (`restaurantName`))
2017-03-04 23:21:50,305 0    [main] WARN  org.hibernate.engine.jdbc.connections.internal.DriverManagerConnectionProviderImpl  - HHH000402: Using Hibernate built-in connection pool (not for production use!)
2017-03-04 23:21:52,842 2537 [main] WARN  org.hibernate.engine.jdbc.spi.SqlExceptionHelper  - SQL Error: 1452, SQLState: 23000
2017-03-04 23:21:52,843 2538 [main] ERROR org.hibernate.engine.jdbc.spi.SqlExceptionHelper  - Cannot add or update a child row: a foreign key constraint fails (`our_menu`.`menuItems`, CONSTRAINT `menuItems_ibfk_1` FOREIGN KEY (`restaurantName`) REFERENCES `restaurants` (`restaurantName`))
2017-03-04 23:21:52,845 2540 [main] WARN  org.hibernate.engine.jdbc.spi.SqlExceptionHelper  - SQL Warning Code: 1452, SQLState: 23000
2017-03-04 23:21:52,846 2541 [main] WARN  org.hibernate.engine.jdbc.spi.SqlExceptionHelper  - Cannot add or update a child row: a foreign key constraint fails (`our_menu`.`menuItems`, CONSTRAINT `menuItems_ibfk_1` FOREIGN KEY (`restaurantName`) REFERENCES `restaurants` (`restaurantName`))
2017-03-04 23:25:08,389 0    [main] WARN  org.hibernate.engine.jdbc.connections.internal.DriverManagerConnectionProviderImpl  - HHH000402: Using Hibernate built-in connection pool (not for production use!)
2017-03-04 23:49:43,789 0    [main] WARN  org.hibernate.engine.jdbc.connections.internal.DriverManagerConnectionProviderImpl  - HHH000402: Using Hibernate built-in connection pool (not for production use!)
2017-03-04 23:58:20,830 0    [main] WARN  org.hibernate.engine.jdbc.connections.internal.DriverManagerConnectionProviderImpl  - HHH000402: Using Hibernate built-in connection pool (not for production use!)
2017-03-04 23:58:31,252 1    [main] WARN  org.hibernate.engine.jdbc.connections.internal.DriverManagerConnectionProviderImpl  - HHH000402: Using Hibernate built-in connection pool (not for production use!)
2017-03-05 13:34:39,513 0    [main] WARN  org.hibernate.engine.jdbc.connections.internal.DriverManagerConnectionProviderImpl  - HHH000402: Using Hibernate built-in connection pool (not for production use!)
2017-03-05 13:34:41,076 1563 [main] WARN  org.hibernate.engine.jdbc.connections.internal.DriverManagerConnectionProviderImpl  - HHH000402: Using Hibernate built-in connection pool (not for production use!)
2017-03-05 13:34:41,185 1672 [main] WARN  org.hibernate.engine.jdbc.connections.internal.DriverManagerConnectionProviderImpl  - HHH000402: Using Hibernate built-in connection pool (not for production use!)
2017-03-05 13:34:41,288 1775 [main] WARN  org.hibernate.engine.jdbc.connections.internal.DriverManagerConnectionProviderImpl  - HHH000402: Using Hibernate built-in connection pool (not for production use!)
2017-03-05 13:34:41,413 1900 [main] WARN  org.hibernate.engine.jdbc.connections.internal.DriverManagerConnectionProviderImpl  - HHH000402: Using Hibernate built-in connection pool (not for production use!)
2017-03-05 13:35:28,107 0    [main] WARN  org.hibernate.engine.jdbc.connections.internal.DriverManagerConnectionProviderImpl  - HHH000402: Using Hibernate built-in connection pool (not for production use!)
2017-03-05 13:35:29,852 1745 [main] WARN  org.hibernate.engine.jdbc.connections.internal.DriverManagerConnectionProviderImpl  - HHH000402: Using Hibernate built-in connection pool (not for production use!)
2017-03-05 13:35:29,989 1882 [main] WARN  org.hibernate.engine.jdbc.connections.internal.DriverManagerConnectionProviderImpl  - HHH000402: Using Hibernate built-in connection pool (not for production use!)
2017-03-05 13:35:30,184 2077 [main] WARN  org.hibernate.engine.jdbc.connections.internal.DriverManagerConnectionProviderImpl  - HHH000402: Using Hibernate built-in connection pool (not for production use!)
2017-03-05 13:35:30,292 2185 [main] WARN  org.hibernate.engine.jdbc.connections.internal.DriverManagerConnectionProviderImpl  - HHH000402: Using Hibernate built-in connection pool (not for production use!)
2017-03-05 13:42:13,204 0    [main] WARN  org.hibernate.engine.jdbc.connections.internal.DriverManagerConnectionProviderImpl  - HHH000402: Using Hibernate built-in connection pool (not for production use!)
2017-03-05 13:42:14,785 1581 [main] WARN  org.hibernate.engine.jdbc.connections.internal.DriverManagerConnectionProviderImpl  - HHH000402: Using Hibernate built-in connection pool (not for production use!)
2017-03-05 13:42:14,912 1708 [main] WARN  org.hibernate.engine.jdbc.connections.internal.DriverManagerConnectionProviderImpl  - HHH000402: Using Hibernate built-in connection pool (not for production use!)
2017-03-05 13:42:15,088 1884 [main] WARN  org.hibernate.engine.jdbc.connections.internal.DriverManagerConnectionProviderImpl  - HHH000402: Using Hibernate built-in connection pool (not for production use!)
2017-03-05 13:42:15,236 2032 [main] WARN  org.hibernate.engine.jdbc.connections.internal.DriverManagerConnectionProviderImpl  - HHH000402: Using Hibernate built-in connection pool (not for production use!)
2017-03-05 13:50:12,093 0    [main] WARN  org.hibernate.engine.jdbc.connections.internal.DriverManagerConnectionProviderImpl  - HHH000402: Using Hibernate built-in connection pool (not for production use!)
2017-03-05 13:50:14,703 2610 [main] WARN  org.hibernate.engine.jdbc.spi.SqlExceptionHelper  - SQL Error: 1146, SQLState: 42S02
2017-03-05 13:50:14,703 2610 [main] ERROR org.hibernate.engine.jdbc.spi.SqlExceptionHelper  - Table 'our_menu.users_usersMenuItem' doesn't exist
2017-03-05 13:50:14,706 2613 [main] WARN  org.hibernate.engine.jdbc.spi.SqlExceptionHelper  - SQL Warning Code: 1146, SQLState: 42S02
2017-03-05 13:50:14,706 2613 [main] WARN  org.hibernate.engine.jdbc.spi.SqlExceptionHelper  - Table 'our_menu.users_usersMenuItem' doesn't exist
2017-03-05 13:50:14,933 2840 [main] WARN  org.hibernate.engine.jdbc.spi.SqlExceptionHelper  - SQL Error: 1146, SQLState: 42S02
2017-03-05 13:50:14,933 2840 [main] ERROR org.hibernate.engine.jdbc.spi.SqlExceptionHelper  - Table 'our_menu.users_usersMenuItem' doesn't exist
2017-03-05 13:50:14,938 2845 [main] WARN  org.hibernate.engine.jdbc.spi.SqlExceptionHelper  - SQL Warning Code: 1146, SQLState: 42S02
2017-03-05 13:50:14,938 2845 [main] WARN  org.hibernate.engine.jdbc.spi.SqlExceptionHelper  - Table 'our_menu.users_usersMenuItem' doesn't exist
2017-03-05 13:50:14,982 2889 [main] WARN  org.hibernate.engine.jdbc.spi.SqlExceptionHelper  - SQL Error: 1146, SQLState: 42S02
2017-03-05 13:50:14,982 2889 [main] ERROR org.hibernate.engine.jdbc.spi.SqlExceptionHelper  - Table 'our_menu.users_usersMenuItem' doesn't exist
2017-03-05 13:50:14,983 2890 [main] WARN  org.hibernate.engine.jdbc.spi.SqlExceptionHelper  - SQL Warning Code: 1146, SQLState: 42S02
2017-03-05 13:50:14,983 2890 [main] WARN  org.hibernate.engine.jdbc.spi.SqlExceptionHelper  - Table 'our_menu.users_usersMenuItem' doesn't exist
2017-03-05 13:51:10,364 0    [main] WARN  org.hibernate.engine.jdbc.connections.internal.DriverManagerConnectionProviderImpl  - HHH000402: Using Hibernate built-in connection pool (not for production use!)
2017-03-05 13:51:12,794 2430 [main] WARN  org.hibernate.engine.jdbc.spi.SqlExceptionHelper  - SQL Error: 1146, SQLState: 42S02
2017-03-05 13:51:12,795 2431 [main] ERROR org.hibernate.engine.jdbc.spi.SqlExceptionHelper  - Table 'our_menu.users_usersMenuItem' doesn't exist
2017-03-05 13:51:12,798 2434 [main] WARN  org.hibernate.engine.jdbc.spi.SqlExceptionHelper  - SQL Warning Code: 1146, SQLState: 42S02
2017-03-05 13:51:12,798 2434 [main] WARN  org.hibernate.engine.jdbc.spi.SqlExceptionHelper  - Table 'our_menu.users_usersMenuItem' doesn't exist
2017-03-05 13:53:01,116 0    [main] WARN  org.hibernate.engine.jdbc.connections.internal.DriverManagerConnectionProviderImpl  - HHH000402: Using Hibernate built-in connection pool (not for production use!)
2017-03-05 13:53:03,756 2640 [main] WARN  org.hibernate.engine.jdbc.spi.SqlExceptionHelper  - SQL Error: 1146, SQLState: 42S02
2017-03-05 13:53:03,758 2642 [main] ERROR org.hibernate.engine.jdbc.spi.SqlExceptionHelper  - Table 'our_menu.users_usersMenuItem' doesn't exist
2017-03-05 13:53:03,762 2646 [main] WARN  org.hibernate.engine.jdbc.spi.SqlExceptionHelper  - SQL Warning Code: 1146, SQLState: 42S02
2017-03-05 13:53:03,762 2646 [main] WARN  org.hibernate.engine.jdbc.spi.SqlExceptionHelper  - Table 'our_menu.users_usersMenuItem' doesn't exist
2017-03-05 14:13:50,103 0    [main] WARN  org.hibernate.engine.jdbc.connections.internal.DriverManagerConnectionProviderImpl  - HHH000402: Using Hibernate built-in connection pool (not for production use!)
2017-03-05 14:14:00,661 0    [main] WARN  org.hibernate.engine.jdbc.connections.internal.DriverManagerConnectionProviderImpl  - HHH000402: Using Hibernate built-in connection pool (not for production use!)
2017-03-05 14:14:10,558 0    [main] WARN  org.hibernate.engine.jdbc.connections.internal.DriverManagerConnectionProviderImpl  - HHH000402: Using Hibernate built-in connection pool (not for production use!)
2017-03-05 14:14:13,031 2473 [main] WARN  org.hibernate.engine.jdbc.spi.SqlExceptionHelper  - SQL Error: 1146, SQLState: 42S02
2017-03-05 14:14:13,031 2473 [main] ERROR org.hibernate.engine.jdbc.spi.SqlExceptionHelper  - Table 'our_menu.users_usersMenuItem' doesn't exist
2017-03-05 14:14:13,038 2480 [main] WARN  org.hibernate.engine.jdbc.spi.SqlExceptionHelper  - SQL Warning Code: 1146, SQLState: 42S02
2017-03-05 14:14:13,038 2480 [main] WARN  org.hibernate.engine.jdbc.spi.SqlExceptionHelper  - Table 'our_menu.users_usersMenuItem' doesn't exist
